2021-03-23 12:27:49 Token ::  :: RequestId :: 1616482669.1362 :: Message :: {"users_fname":"John","users_lname":"Smith","users_email_id":"jhon3@yahoo.in","users_password":"testuser1@123","users_role":"admin"}
2021-03-23 12:27:49 Token ::   :: RequestId :: 1616482669.1362 :: Message :: {"message":"You are successfully registered!!!","error":"","code":200,"status":"Success","data":{"request_id":1616482669.136162}}
2021-03-23 12:27:49 Token ::  :: RequestId :: 1616482669.1362 :: Message :: REQUEST ENDED FOR TOKEN :: 
2021-03-23 12:28:39 Token ::  :: RequestId :: 1616482719.7127 :: Message :: {"users_fname":"John","users_lname":"Smith","users_email_id":"jhon4@yahoo.in","users_password":"testuser1@123","users_role":"admin"}
2021-03-23 12:28:39 Token ::   :: RequestId :: 1616482719.7127 :: Message :: {"message":"You are successfully registered!!!","error":"","code":200,"status":"Success","data":{"request_id":1616482719.712667}}
2021-03-23 12:28:39 Token ::  :: RequestId :: 1616482719.7127 :: Message :: REQUEST ENDED FOR TOKEN :: 
2021-03-23 12:29:31 Token ::  :: RequestId :: 1616482771.8523 :: Message :: {"users_fname":"John","users_lname":"Smith","users_email_id":"jhon5@yahoo.in","users_password":"testuser1@123","users_role":"admin"}
2021-03-23 12:29:32 Token ::   :: RequestId :: 1616482771.8523 :: Message :: {"message":"You are successfully registered!!!","error":"","code":200,"status":"Success","data":{"request_id":1616482771.852271}}
2021-03-23 12:29:32 Token ::  :: RequestId :: 1616482771.8523 :: Message :: REQUEST ENDED FOR TOKEN :: 
2021-03-23 12:30:20 Token ::  :: RequestId :: 1616482820.3984 :: Message :: {"users_fname":"John","users_lname":"Smith","users_email_id":"jhon6@yahoo.in","users_password":"testuser1@123","users_role":"admin"}
2021-03-23 12:30:20 Token ::   :: RequestId :: 1616482820.3984 :: Message :: {"message":"You are successfully registered!!!","error":"","code":200,"status":"Success","data":{"request_id":1616482820.398369}}
2021-03-23 12:30:20 Token ::  :: RequestId :: 1616482820.3984 :: Message :: REQUEST ENDED FOR TOKEN :: 
2021-03-23 12:38:45 Token ::  :: RequestId :: 1616483325.2614 :: Message :: {"users_fname":"John","users_lname":"Smith","users_email_id":"jhon7@yahoo.in","users_password":"testuser1@123","users_role":"admin"}
2021-03-23 12:38:45 Token ::   :: RequestId :: 1616483325.2614 :: Message :: {"message":"You are successfully registered!!!","error":"","code":200,"status":"Success","data":{"request_id":1616483325.261395}}
2021-03-23 12:38:45 Token ::  :: RequestId :: 1616483325.2614 :: Message :: REQUEST ENDED FOR TOKEN :: 
2021-03-23 01:05:16 Token ::  :: RequestId :: 1616484916.6456 :: Message :: "username":"jhon@yahoo.in","password":"testuser@123"
2021-03-23 01:05:16 Token ::  :: RequestId :: 1616484916.6456 :: Message :: BAD JSON REQUEST
2021-03-23 01:05:26 Token ::  :: RequestId :: 1616484926.1272 :: Message :: {"username":"jhon@yahoo.in","password":"testuser@123"}
2021-03-23 01:09:33 Token ::  :: RequestId :: 1616485173.3893 :: Message :: {"username":"jhon@yahoo.in","password":"testuser@123"}
2021-03-23 01:10:11 Token ::  :: RequestId :: 1616485211.0478 :: Message :: {"username":"jhon@yahoo.in","password":"testuser@123"}
2021-03-23 01:14:07 Token ::  :: RequestId :: 1616485447.5468 :: Message :: {"username":"jhon@yahoo.in","password":"testuser@123"}
2021-03-23 01:14:56 Token ::  :: RequestId :: 1616485496.9353 :: Message :: {"username":"jhon@yahoo.in","password":"testuser@123"}
2021-03-23 01:14:57 Token ::   :: RequestId :: 1616485496.9353 :: Message :: {"message":"User Information Retrive Successfully!!!","error":"","code":200,"status":"Success","data":{"token":"284dace48b41f81c4eb4b861cc505d026557ed84","UserInfo":{"users_id":"1","users_fname":"John","users_lname":"Smith","users_email_id":"jhon@yahoo.in","users_password":"testuser@123","users_role":"Admin","insert_dt":"2021-03-23 12:25:08","update_dt":"2021-03-23 12:25:08"},"request_id":1616485496.935314}}
2021-03-23 01:14:57 Token ::  :: RequestId :: 1616485496.9353 :: Message :: REQUEST ENDED FOR TOKEN :: 
2021-03-23 01:32:55 Token ::  :: RequestId :: 1616486575.6476 :: Message :: {"users_fname":"D001","users_lname":"Test"}
2021-03-23 01:32:55 Token ::  :: RequestId :: 1616486575.6476 :: Message :: REQUEST STARTED FOR TOKEN :: 284dace48b41f81c4eb4b861cc505d026557ed84
2021-03-23 01:32:55 Token :: 284dace48b41f81c4eb4b861cc505d026557ed84  :: RequestId :: 1616486575.6476 :: Message :: {"message":"Please Enter First Name.","error":"","code":400,"status":"error","data":{"request_id":1616486575.647636}}
2021-03-23 01:32:55 Token :: 284dace48b41f81c4eb4b861cc505d026557ed84 :: RequestId :: 1616486575.6476 :: Message :: REQUEST ENDED FOR TOKEN :: 284dace48b41f81c4eb4b861cc505d026557ed84
2021-03-23 01:33:28 Token ::  :: RequestId :: 1616486608.5962 :: Message :: {"users_fname":"D001","users_lname":"Test"}
2021-03-23 01:33:28 Token ::  :: RequestId :: 1616486608.5962 :: Message :: REQUEST STARTED FOR TOKEN :: 284dace48b41f81c4eb4b861cc505d026557ed84
2021-03-23 01:33:28 Token :: 284dace48b41f81c4eb4b861cc505d026557ed84  :: RequestId :: 1616486608.5962 :: Message :: {"message":"Please Enter First Name.","error":"","code":400,"status":"error","data":{"request_id":1616486608.596153}}
2021-03-23 01:33:28 Token :: 284dace48b41f81c4eb4b861cc505d026557ed84 :: RequestId :: 1616486608.5962 :: Message :: REQUEST ENDED FOR TOKEN :: 284dace48b41f81c4eb4b861cc505d026557ed84
2021-03-23 01:34:30 Token ::  :: RequestId :: 1616486670.7928 :: Message :: {"users_fname":"D001","users_lname":"Test"}
2021-03-23 01:34:30 Token ::  :: RequestId :: 1616486670.7928 :: Message :: REQUEST STARTED FOR TOKEN :: 284dace48b41f81c4eb4b861cc505d026557ed84
2021-03-23 01:34:30 Token :: 284dace48b41f81c4eb4b861cc505d026557ed84  :: RequestId :: 1616486670.7928 :: Message :: {"message":"Please enter valid first name","error":"","code":400,"status":"error","data":{"request_id":1616486670.792815}}
2021-03-23 01:34:30 Token :: 284dace48b41f81c4eb4b861cc505d026557ed84 :: RequestId :: 1616486670.7928 :: Message :: REQUEST ENDED FOR TOKEN :: 284dace48b41f81c4eb4b861cc505d026557ed84
2021-03-23 01:34:41 Token ::  :: RequestId :: 1616486681.4604 :: Message :: {"users_fname":"Testtttt","users_lname":"Test"}
2021-03-23 01:34:41 Token ::  :: RequestId :: 1616486681.4604 :: Message :: REQUEST STARTED FOR TOKEN :: 284dace48b41f81c4eb4b861cc505d026557ed84
2021-03-23 01:34:41 Token :: 284dace48b41f81c4eb4b861cc505d026557ed84  :: RequestId :: 1616486681.4604 :: Message :: {"message":"User data has been updated Successfully!!!","error":"","code":200,"status":"Success","data":{"request_id":1616486681.460377}}
2021-03-23 01:34:41 Token :: 284dace48b41f81c4eb4b861cc505d026557ed84 :: RequestId :: 1616486681.4604 :: Message :: REQUEST ENDED FOR TOKEN :: 284dace48b41f81c4eb4b861cc505d026557ed84
2021-03-23 01:57:16 Token ::  :: RequestId :: 1616488036.2617 :: Message :: {"message":"Lorem Ipsum is simply dummy text of the printing and typesetting industry. Lorem Ipsum has been the industry's standard dummy text ever since the 1500s, when an unknown printer took a galley of type and scrambled it to make a type specimen book. It has survived not only five centuries, but also the leap into electronic typesetting, remaining essentially unchanged. It was popularised in the 1960s with the release of Letraset sheets containing Lorem Ipsum passages, and more recently with desktop publishing software like Aldus PageMaker including versions of Lorem Ipsum."}
2021-03-23 01:57:16 Token ::  :: RequestId :: 1616488036.2617 :: Message :: REQUEST STARTED FOR TOKEN :: 284dace48b41f81c4eb4b861cc505d026557ed84
2021-03-23 01:57:16 Token :: 284dace48b41f81c4eb4b861cc505d026557ed84  :: RequestId :: 1616488036.2617 :: Message :: {"message":"Invalid Authentication","error":"","code":400,"status":"error","data":{"request_id":1616488036.261685}}
2021-03-23 01:57:16 Token :: 284dace48b41f81c4eb4b861cc505d026557ed84 :: RequestId :: 1616488036.2617 :: Message :: REQUEST ENDED FOR TOKEN :: 284dace48b41f81c4eb4b861cc505d026557ed84
2021-03-23 01:57:43 Token ::  :: RequestId :: 1616488063.0083 :: Message :: {"message":"Lorem Ipsum is simply dummy text of the printing and typesetting industry. Lorem Ipsum has been the industry's standard dummy text ever since the 1500s, when an unknown printer took a galley of type and scrambled it to make a type specimen book. It has survived not only five centuries, but also the leap into electronic typesetting, remaining essentially unchanged. It was popularised in the 1960s with the release of Letraset sheets containing Lorem Ipsum passages, and more recently with desktop publishing software like Aldus PageMaker including versions of Lorem Ipsum."}
2021-03-23 01:57:43 Token ::  :: RequestId :: 1616488063.0083 :: Message :: REQUEST STARTED FOR TOKEN :: 284dace48b41f81c4eb4b861cc505d026557ed84
2021-03-23 01:57:43 Token :: 284dace48b41f81c4eb4b861cc505d026557ed84  :: RequestId :: 1616488063.0083 :: Message :: {"message":"Message has been submitted Successfully!!!","error":"","code":200,"status":"Success","data":{"request_id":1616488063.008257}}
2021-03-23 01:57:43 Token :: 284dace48b41f81c4eb4b861cc505d026557ed84 :: RequestId :: 1616488063.0083 :: Message :: REQUEST ENDED FOR TOKEN :: 284dace48b41f81c4eb4b861cc505d026557ed84
2021-03-23 02:43:22 Token ::  :: RequestId :: 1616490802.3167 :: Message :: {"username":"jhon1@yahoo.in","password":"testuser@123"}
2021-03-23 02:43:22 Token ::   :: RequestId :: 1616490802.3167 :: Message :: {"message":"Authentication Failure!!","error":"","code":400,"status":"error","data":{"request_id":1616490802.316741}}
2021-03-23 02:43:22 Token ::  :: RequestId :: 1616490802.3167 :: Message :: REQUEST ENDED FOR TOKEN :: 
2021-03-23 02:43:36 Token ::  :: RequestId :: 1616490816.8193 :: Message :: {"username":"jhon1@yahoo.in","password":"testuser1@123"}
2021-03-23 02:43:37 Token ::   :: RequestId :: 1616490816.8193 :: Message :: {"message":"User Information Retrive Successfully!!!","error":"","code":200,"status":"Success","data":{"token":"165ef430a5f45b0b9594d0ba61e6df0652d77245","UserInfo":{"users_id":"2","users_fname":"John","users_lname":"Smith","users_email_id":"jhon1@yahoo.in","users_password":"testuser1@123","users_role":"Admin","insert_dt":"2021-03-23 12:26:29","update_dt":"2021-03-23 12:26:29"},"request_id":1616490816.819271}}
2021-03-23 02:43:37 Token ::  :: RequestId :: 1616490816.8193 :: Message :: REQUEST ENDED FOR TOKEN :: 
2021-03-23 02:43:47 Token ::  :: RequestId :: 1616490827.568 :: Message :: 
2021-03-23 02:43:47 Token ::  :: RequestId :: 1616490827.568 :: Message :: REQUEST STARTED FOR TOKEN :: 165ef430a5f45b0b9594d0ba61e6df0652d77245
2021-03-23 02:43:47 Token :: 165ef430a5f45b0b9594d0ba61e6df0652d77245  :: RequestId :: 1616490827.568 :: Message :: {"message":"Users tickets information has been retrive Successfully!!!","error":"","code":200,"status":"Success","data":{"users_tickets":[{"users_id":"1","message":"Lorem Ipsum is simply dummy text of the printing and typesetting industry. Lorem Ipsum has been the industry's standard dummy text ever since the 1500s, when an unknown printer took a galley of type and scrambled it to make a type specimen book. It has survived not only five centuries, but also the leap into electronic typesetting, remaining essentially unchanged. It was popularised in the 1960s with the release of Letraset sheets containing Lorem Ipsum passages, and more recently with desktop publishing software like Aldus PageMaker including versions of Lorem Ipsum.","users_fname":"Testtttt","users_lname":"Test","users_email_id":"jhon@yahoo.in"}],"request_id":1616490827.567963}}
2021-03-23 02:43:47 Token :: 165ef430a5f45b0b9594d0ba61e6df0652d77245 :: RequestId :: 1616490827.568 :: Message :: REQUEST ENDED FOR TOKEN :: 165ef430a5f45b0b9594d0ba61e6df0652d77245
2021-03-23 02:45:48 Token ::  :: RequestId :: 1616490947.9557 :: Message :: {"username":"jhon1@yahoo.in","password":"testuser1@123"}
2021-03-23 02:45:48 Token ::   :: RequestId :: 1616490947.9557 :: Message :: {"message":"User Information Retrive Successfully!!!","error":"","code":200,"status":"Success","data":{"token":"a09dd2ca0a863c2b0c39e6cbda30df288c22a12c","UserInfo":{"users_id":"2","users_fname":"John","users_lname":"Smith","users_email_id":"jhon1@yahoo.in","users_password":"testuser1@123","users_role":"Admin","insert_dt":"2021-03-23 12:26:29","update_dt":"2021-03-23 12:26:29"},"request_id":1616490947.955652}}
2021-03-23 02:45:48 Token ::  :: RequestId :: 1616490947.9557 :: Message :: REQUEST ENDED FOR TOKEN :: 
2021-03-23 02:45:51 Token ::  :: RequestId :: 1616490951.8764 :: Message :: 
2021-03-23 02:45:51 Token ::  :: RequestId :: 1616490951.8764 :: Message :: REQUEST STARTED FOR TOKEN :: 165ef430a5f45b0b9594d0ba61e6df0652d77245
2021-03-23 02:45:51 Token :: 165ef430a5f45b0b9594d0ba61e6df0652d77245  :: RequestId :: 1616490951.8764 :: Message :: {"message":"Users tickets information has been retrive Successfully!!!","error":"","code":200,"status":"Success","data":{"users_tickets":[{"users_id":"1","message":"Lorem Ipsum is simply dummy text of the printing and typesetting industry. Lorem Ipsum has been the industry's standard dummy text ever since the 1500s, when an unknown printer took a galley of type and scrambled it to make a type specimen book. It has survived not only five centuries, but also the leap into electronic typesetting, remaining essentially unchanged. It was popularised in the 1960s with the release of Letraset sheets containing Lorem Ipsum passages, and more recently with desktop publishing software like Aldus PageMaker including versions of Lorem Ipsum.","users_fname":"Testtttt","users_lname":"Test","users_email_id":"jhon@yahoo.in"}],"request_id":1616490951.876363}}
2021-03-23 02:45:51 Token :: 165ef430a5f45b0b9594d0ba61e6df0652d77245 :: RequestId :: 1616490951.8764 :: Message :: REQUEST ENDED FOR TOKEN :: 165ef430a5f45b0b9594d0ba61e6df0652d77245
2021-03-23 02:47:50 Token ::  :: RequestId :: 1616491070.0429 :: Message :: 
2021-03-23 02:47:50 Token ::  :: RequestId :: 1616491070.0429 :: Message :: REQUEST STARTED FOR TOKEN :: 165ef430a5f45b0b9594d0ba61e6df0652d77245
2021-03-23 02:47:50 Token :: 165ef430a5f45b0b9594d0ba61e6df0652d77245  :: RequestId :: 1616491070.0429 :: Message :: {"message":"Users tickets information has been retrive Successfully!!!","error":"","code":200,"status":"Success","data":{"users_tickets":[{"users_id":"1","message":"Lorem Ipsum is simply dummy text of the printing and typesetting industry. Lorem Ipsum has been the industry's standard dummy text ever since the 1500s, when an unknown printer took a galley of type and scrambled it to make a type specimen book. It has survived not only five centuries, but also the leap into electronic typesetting, remaining essentially unchanged. It was popularised in the 1960s with the release of Letraset sheets containing Lorem Ipsum passages, and more recently with desktop publishing software like Aldus PageMaker including versions of Lorem Ipsum.","users_fname":"Testtttt","users_lname":"Test","users_email_id":"jhon@yahoo.in"}],"request_id":1616491070.042917}}
2021-03-23 02:47:50 Token :: 165ef430a5f45b0b9594d0ba61e6df0652d77245 :: RequestId :: 1616491070.0429 :: Message :: REQUEST ENDED FOR TOKEN :: 165ef430a5f45b0b9594d0ba61e6df0652d77245
2021-03-23 02:50:44 Token ::  :: RequestId :: 1616491244.115 :: Message :: 
2021-03-23 02:50:44 Token ::  :: RequestId :: 1616491244.115 :: Message :: REQUEST STARTED FOR TOKEN :: 165ef430a5f45b0b9594d0ba61e6df0652d77245
2021-03-23 02:50:44 Token :: 165ef430a5f45b0b9594d0ba61e6df0652d77245  :: RequestId :: 1616491244.115 :: Message :: {"message":"Users tickets information has been retrive Successfully!!!","error":"","code":200,"status":"Success","data":{"users_tickets":[{"users_id":"1","message":"Lorem Ipsum is simply dummy text of the printing and typesetting industry. Lorem Ipsum has been the industry's standard dummy text ever since the 1500s, when an unknown printer took a galley of type and scrambled it to make a type specimen book. It has survived not only five centuries, but also the leap into electronic typesetting, remaining essentially unchanged. It was popularised in the 1960s with the release of Letraset sheets containing Lorem Ipsum passages, and more recently with desktop publishing software like Aldus PageMaker including versions of Lorem Ipsum.","users_fname":"Testtttt","users_lname":"Test","users_email_id":"jhon@yahoo.in"}],"request_id":1616491244.115002}}
2021-03-23 02:50:44 Token :: 165ef430a5f45b0b9594d0ba61e6df0652d77245 :: RequestId :: 1616491244.115 :: Message :: REQUEST ENDED FOR TOKEN :: 165ef430a5f45b0b9594d0ba61e6df0652d77245
2021-03-23 02:50:47 Token ::  :: RequestId :: 1616491247.1419 :: Message :: {"username":"jhon1@yahoo.in","password":"testuser1@123"}
2021-03-23 02:50:47 Token ::   :: RequestId :: 1616491247.1419 :: Message :: {"message":"User Information Retrive Successfully!!!","error":"","code":200,"status":"Success","data":{"token":"6ce8f0c64ad2174fa2dcf3311dbf1a147395b605","UserInfo":{"users_id":"2","users_fname":"John","users_lname":"Smith","users_email_id":"jhon1@yahoo.in","users_password":"testuser1@123","users_role":"Admin","insert_dt":"2021-03-23 12:26:29","update_dt":"2021-03-23 12:26:29"},"request_id":1616491247.141855}}
2021-03-23 02:50:47 Token ::  :: RequestId :: 1616491247.1419 :: Message :: REQUEST ENDED FOR TOKEN :: 
2021-03-23 03:52:39 Token ::  :: RequestId :: 1616494959.1102 :: Message :: {"username":"jhon1@yahoo.in","password":"testuser1@123"}
2021-03-23 03:52:39 Token ::   :: RequestId :: 1616494959.1102 :: Message :: {"message":"User Information Retrive Successfully!!!","error":"","code":200,"status":"Success","data":{"token":"c05b8800f64e96328356f4c02f43c82097e4c651","UserInfo":{"users_id":"2","users_fname":"John","users_lname":"Smith","users_email_id":"jhon1@yahoo.in","users_password":"testuser1@123","users_role":"Admin","insert_dt":"2021-03-23 12:26:29","update_dt":"2021-03-23 12:26:29"},"request_id":1616494959.1102}}
2021-03-23 03:52:39 Token ::  :: RequestId :: 1616494959.1102 :: Message :: REQUEST ENDED FOR TOKEN :: 
